<?xml version="1.0" encoding="UTF-8"?>
<!-- Generated by org.testng.reporters.JUnitXMLReporter -->
<testsuite ignored="0" hostname="Tamannas-MacBook-Pro.local" failures="0" tests="5" name="Default test" time="1.824" errors="0" timestamp="2024-11-19T13:31:26 EST">
  <testcase classname="TestNG_Multiple_Suites_regression.RegressionTestCases_register" name="@BeforeMethod setup" time="1.802">
    <failure type="java.lang.NullPointerException" message="Cannot invoke &amp;quot;java.util.Properties.getProperty(String)&amp;quot; because &amp;quot;this.prop&amp;quot; is null">
      <![CDATA[java.lang.NullPointerException: Cannot invoke "java.util.Properties.getProperty(String)" because "this.prop" is null
at TestNG_Multiple_Suites_regression.TestBase.initializeBrowserAndOpenApplication(TestBase.java:45)
at TestNG_Multiple_Suites_regression.RegressionTestCases_register.setup(RegressionTestCases_register.java:17)
at java.base/jdk.internal.reflect.NativeMethodAccessorImpl.invoke0(Native Method)
at java.base/jdk.internal.reflect.NativeMethodAccessorImpl.invoke(NativeMethodAccessorImpl.java:77)
at java.base/jdk.internal.reflect.DelegatingMethodAccessorImpl.invoke(DelegatingMethodAccessorImpl.java:43)
at java.base/java.lang.reflect.Method.invoke(Method.java:568)
at org.testng.internal.MethodInvocationHelper.invokeMethod(MethodInvocationHelper.java:133)
at org.testng.internal.MethodInvocationHelper.invokeMethodConsideringTimeout(MethodInvocationHelper.java:62)
at org.testng.internal.ConfigInvoker.invokeConfigurationMethod(ConfigInvoker.java:385)
at org.testng.internal.ConfigInvoker.invokeConfigurations(ConfigInvoker.java:321)
at org.testng.internal.TestInvoker.runConfigMethods(TestInvoker.java:700)
at org.testng.internal.TestInvoker.invokeMethod(TestInvoker.java:527)
at org.testng.internal.TestInvoker.invokeTestMethod(TestInvoker.java:173)
at org.testng.internal.MethodRunner.runInSequence(MethodRunner.java:46)
at org.testng.internal.TestInvoker$MethodInvocationAgent.invoke(TestInvoker.java:824)
at org.testng.internal.TestInvoker.invokeTestMethods(TestInvoker.java:146)
at org.testng.internal.TestMethodWorker.invokeTestMethods(TestMethodWorker.java:146)
at org.testng.internal.TestMethodWorker.run(TestMethodWorker.java:128)
at java.base/java.util.ArrayList.forEach(ArrayList.java:1511)
at org.testng.TestRunner.privateRun(TestRunner.java:794)
at org.testng.TestRunner.run(TestRunner.java:596)
at org.testng.SuiteRunner.runTest(SuiteRunner.java:377)
at org.testng.SuiteRunner.runSequentially(SuiteRunner.java:371)
at org.testng.SuiteRunner.privateRun(SuiteRunner.java:332)
at org.testng.SuiteRunner.run(SuiteRunner.java:276)
at org.testng.SuiteRunnerWorker.runSuite(SuiteRunnerWorker.java:53)
at org.testng.SuiteRunnerWorker.run(SuiteRunnerWorker.java:96)
at org.testng.TestNG.runSuitesSequentially(TestNG.java:1212)
at org.testng.TestNG.runSuitesLocally(TestNG.java:1134)
at org.testng.TestNG.runSuites(TestNG.java:1063)
at org.testng.TestNG.run(TestNG.java:1031)
at org.testng.remote.AbstractRemoteTestNG.run(AbstractRemoteTestNG.java:115)
at org.testng.remote.RemoteTestNG.initAndRun(RemoteTestNG.java:293)
at org.testng.remote.RemoteTestNG.main(RemoteTestNG.java:91)
]]>
    </failure>
  </testcase> <!-- @BeforeMethod setup -->
  <testcase classname="TestNG_Multiple_Suites_regression.RegressionTestCases_register" name="@AfterMethod tearDown" time="-1.732041086399E9">
    <skipped/>
  </testcase> <!-- @AfterMethod tearDown -->
  <testcase classname="TestNG_Multiple_Suites_regression.RegressionTestCases_register" name="@BeforeMethod setup" time="-1.732041086401E9">
    <skipped/>
  </testcase> <!-- @BeforeMethod setup -->
  <testcase classname="TestNG_Multiple_Suites_regression.RegressionTestCases_register" name="@AfterMethod tearDown" time="-1.732041086402E9">
    <skipped/>
  </testcase> <!-- @AfterMethod tearDown -->
  <testcase classname="TestNG_Multiple_Suites_regression.RegressionTestCases_register" name="@BeforeMethod setup" time="-1.732041086403E9">
    <skipped/>
  </testcase> <!-- @BeforeMethod setup -->
  <testcase classname="TestNG_Multiple_Suites_regression.RegressionTestCases_register" name="@AfterMethod tearDown" time="-1.732041086405E9">
    <skipped/>
  </testcase> <!-- @AfterMethod tearDown -->
  <testcase classname="TestNG_Multiple_Suites_regression.RegressionTestCases_register" name="@BeforeMethod setup" time="-1.732041086405E9">
    <skipped/>
  </testcase> <!-- @BeforeMethod setup -->
  <testcase classname="TestNG_Multiple_Suites_regression.RegressionTestCases_register" name="@AfterMethod tearDown" time="-1.732041086407E9">
    <skipped/>
  </testcase> <!-- @AfterMethod tearDown -->
  <testcase classname="TestNG_Multiple_Suites_regression.RegressionTestCases_register" name="@BeforeMethod setup" time="-1.732041086407E9">
    <skipped/>
  </testcase> <!-- @BeforeMethod setup -->
  <testcase classname="TestNG_Multiple_Suites_regression.RegressionTestCases_register" name="@AfterMethod tearDown" time="-1.732041086408E9">
    <skipped/>
  </testcase> <!-- @AfterMethod tearDown -->
  <testcase classname="TestNG_Multiple_Suites_regression.RegressionTestCases_register" name="registerWithNoInputs" time="0.0">
    <skipped/>
  </testcase> <!-- registerWithNoInputs -->
  <testcase classname="TestNG_Multiple_Suites_regression.RegressionTestCases_register" name="registerWithMandatoryFields" time="0.0">
    <skipped/>
  </testcase> <!-- registerWithMandatoryFields -->
  <testcase classname="TestNG_Multiple_Suites_regression.RegressionTestCases_register" name="registerWithAllDetails" time="0.0">
    <skipped/>
  </testcase> <!-- registerWithAllDetails -->
  <testcase classname="TestNG_Multiple_Suites_regression.RegressionTestCases_register" name="registerWithExistingEmail" time="0.0">
    <skipped/>
  </testcase> <!-- registerWithExistingEmail -->
  <testcase classname="TestNG_Multiple_Suites_regression.RegressionTestCases_register" name="registerWithWrongConfirmPassword" time="0.0">
    <skipped/>
  </testcase> <!-- registerWithWrongConfirmPassword -->
</testsuite> <!-- Default test -->
